
2014-11-29 21:38:55 Commons Daemon procrun stderr initialized
??? 29, 2014 9:38:57 ?? org.apache.catalina.core.AprLifecycleListener init
INFO: The APR based Apache Tomcat Native library which allows optimal performance in production environments was not found on the java.library.path: C:\Program Files (x86)\Apache Software Foundation\Tomcat 7.0_ArduinoServer\bin;C:\Windows\Sun\Java\bin;C:\Windows\system32;C:\Windows;C:\Windows\system32;C:\Windows;C:\Windows\System32\Wbem;C:\Windows\System32\WindowsPowerShell\v1.0\;;.
??? 29, 2014 9:38:59 ?? org.apache.coyote.AbstractProtocol init
INFO: Initializing ProtocolHandler ["http-bio-8080"]
??? 29, 2014 9:38:59 ?? org.apache.coyote.AbstractProtocol init
INFO: Initializing ProtocolHandler ["ajp-bio-8009"]
??? 29, 2014 9:38:59 ?? org.apache.catalina.startup.Catalina load
INFO: Initialization processed in 2516 ms
??? 29, 2014 9:38:59 ?? org.apache.catalina.core.StandardService startInternal
INFO: Starting service Catalina
??? 29, 2014 9:38:59 ?? org.apache.catalina.core.StandardEngine startInternal
INFO: Starting Servlet Engine: Apache Tomcat/7.0.55
??? 29, 2014 9:38:59 ?? org.apache.catalina.startup.HostConfig deployDirectory
INFO: Deploying web application directory C:\Program Files (x86)\Apache Software Foundation\Tomcat 7.0_ArduinoServer\webapps\docs
??? 29, 2014 9:39:02 ?? org.apache.catalina.util.SessionIdGenerator createSecureRandom
INFO: Creation of SecureRandom instance for session ID generation using [SHA1PRNG] took [904] milliseconds.
??? 29, 2014 9:39:02 ?? org.apache.catalina.startup.HostConfig deployDirectory
INFO: Deployment of web application directory C:\Program Files (x86)\Apache Software Foundation\Tomcat 7.0_ArduinoServer\webapps\docs has finished in 2,839 ms
??? 29, 2014 9:39:02 ?? org.apache.catalina.startup.HostConfig deployDirectory
INFO: Deploying web application directory C:\Program Files (x86)\Apache Software Foundation\Tomcat 7.0_ArduinoServer\webapps\examples
??? 29, 2014 9:39:03 ?? org.apache.catalina.startup.HostConfig deployDirectory
INFO: Deployment of web application directory C:\Program Files (x86)\Apache Software Foundation\Tomcat 7.0_ArduinoServer\webapps\examples has finished in 1,233 ms
??? 29, 2014 9:39:03 ?? org.apache.catalina.startup.HostConfig deployDirectory
INFO: Deploying web application directory C:\Program Files (x86)\Apache Software Foundation\Tomcat 7.0_ArduinoServer\webapps\host-manager
??? 29, 2014 9:39:03 ?? org.apache.catalina.startup.HostConfig deployDirectory
INFO: Deployment of web application directory C:\Program Files (x86)\Apache Software Foundation\Tomcat 7.0_ArduinoServer\webapps\host-manager has finished in 249 ms
??? 29, 2014 9:39:03 ?? org.apache.catalina.startup.HostConfig deployDirectory
INFO: Deploying web application directory C:\Program Files (x86)\Apache Software Foundation\Tomcat 7.0_ArduinoServer\webapps\manager
??? 29, 2014 9:39:04 ?? org.apache.catalina.startup.HostConfig deployDirectory
INFO: Deployment of web application directory C:\Program Files (x86)\Apache Software Foundation\Tomcat 7.0_ArduinoServer\webapps\manager has finished in 125 ms
??? 29, 2014 9:39:04 ?? org.apache.catalina.startup.HostConfig deployDirectory
INFO: Deploying web application directory C:\Program Files (x86)\Apache Software Foundation\Tomcat 7.0_ArduinoServer\webapps\ROOT
??? 29, 2014 9:39:04 ?? org.apache.catalina.startup.HostConfig deployDirectory
INFO: Deployment of web application directory C:\Program Files (x86)\Apache Software Foundation\Tomcat 7.0_ArduinoServer\webapps\ROOT has finished in 156 ms
??? 29, 2014 9:39:04 ?? org.apache.coyote.AbstractProtocol start
INFO: Starting ProtocolHandler ["http-bio-8080"]
??? 29, 2014 9:39:04 ?? org.apache.coyote.AbstractProtocol start
INFO: Starting ProtocolHandler ["ajp-bio-8009"]
??? 29, 2014 9:39:04 ?? org.apache.catalina.startup.Catalina start
INFO: Server startup in 4864 ms
??? 03, 2014 1:30:39 ?? org.apache.catalina.core.StandardServer await
WARNING: StandardServer.await: read: 
java.net.SocketTimeoutException: Read timed out
	at java.net.SocketInputStream.socketRead0(Native Method)
	at java.net.SocketInputStream.read(Unknown Source)
	at java.net.SocketInputStream.read(Unknown Source)
	at java.net.SocketInputStream.read(Unknown Source)
	at org.apache.catalina.core.StandardServer.await(StandardServer.java:485)
	at org.apache.catalina.startup.Catalina.await(Catalina.java:777)
	at org.apache.catalina.startup.Catalina.start(Catalina.java:723)
	at sun.reflect.NativeMethodAccessorImpl.invoke0(Native Method)
	at sun.reflect.NativeMethodAccessorImpl.invoke(Unknown Source)
	at sun.reflect.DelegatingMethodAccessorImpl.invoke(Unknown Source)
	at java.lang.reflect.Method.invoke(Unknown Source)
	at org.apache.catalina.startup.Bootstrap.start(Bootstrap.java:321)
	at org.apache.catalina.startup.Bootstrap.main(Bootstrap.java:455)

??? 03, 2014 1:30:39 ?? org.apache.catalina.core.StandardServer await
WARNING: StandardServer.await: Invalid command '' received
??? 03, 2014 1:30:39 ?? org.apache.catalina.core.StandardServer await
WARNING: StandardServer.await: Invalid command 'GET / HTTP/1.1' received
??? 03, 2014 1:30:40 ?? org.apache.catalina.core.StandardServer await
WARNING: StandardServer.await: Invalid command 'GET / HTTP/1.1' received
??? 03, 2014 1:30:44 ?? org.apache.coyote.ajp.AjpMessage processHeader
SEVERE: Invalid message received with signature 18245
??? 03, 2014 1:30:44 ?? org.apache.coyote.ajp.AjpMessage processHeader
SEVERE: Invalid message received with signature 18245
??? 03, 2014 1:30:44 ?? org.apache.coyote.ajp.AjpMessage processHeader
SEVERE: Invalid message received with signature 18245
??? 03, 2014 1:30:48 ?? org.apache.coyote.ajp.AjpMessage processHeader
SEVERE: Invalid message received with signature 18245
??? 03, 2014 1:30:48 ?? org.apache.coyote.ajp.AjpMessage processHeader
SEVERE: Invalid message received with signature 18245
??? 03, 2014 1:30:48 ?? org.apache.coyote.ajp.AjpMessage processHeader
SEVERE: Invalid message received with signature 18245
??? 03, 2014 1:30:50 ?? org.apache.catalina.core.StandardServer await
WARNING: StandardServer.await: read: 
java.net.SocketTimeoutException: Read timed out
	at java.net.SocketInputStream.socketRead0(Native Method)
	at java.net.SocketInputStream.read(Unknown Source)
	at java.net.SocketInputStream.read(Unknown Source)
	at java.net.SocketInputStream.read(Unknown Source)
	at org.apache.catalina.core.StandardServer.await(StandardServer.java:485)
	at org.apache.catalina.startup.Catalina.await(Catalina.java:777)
	at org.apache.catalina.startup.Catalina.start(Catalina.java:723)
	at sun.reflect.NativeMethodAccessorImpl.invoke0(Native Method)
	at sun.reflect.NativeMethodAccessorImpl.invoke(Unknown Source)
	at sun.reflect.DelegatingMethodAccessorImpl.invoke(Unknown Source)
	at java.lang.reflect.Method.invoke(Unknown Source)
	at org.apache.catalina.startup.Bootstrap.start(Bootstrap.java:321)
	at org.apache.catalina.startup.Bootstrap.main(Bootstrap.java:455)

??? 03, 2014 1:30:50 ?? org.apache.catalina.core.StandardServer await
WARNING: StandardServer.await: Invalid command '' received
??? 03, 2014 1:36:54 ?? org.apache.coyote.AbstractProtocol pause
INFO: Pausing ProtocolHandler ["http-bio-8080"]
??? 03, 2014 1:36:54 ?? org.apache.coyote.AbstractProtocol pause
INFO: Pausing ProtocolHandler ["ajp-bio-8009"]
??? 03, 2014 1:36:54 ?? org.apache.catalina.core.StandardService stopInternal
INFO: Stopping service Catalina
??? 03, 2014 1:36:54 ?? org.apache.coyote.AbstractProtocol stop
INFO: Stopping ProtocolHandler ["http-bio-8080"]
??? 03, 2014 1:36:54 ?? org.apache.coyote.AbstractProtocol stop
INFO: Stopping ProtocolHandler ["ajp-bio-8009"]
