
2014-11-10 10:54:49 Commons Daemon procrun stderr initialized
??? 10, 2014 10:55:34 ?? org.apache.catalina.core.AprLifecycleListener init
INFO: The APR based Apache Tomcat Native library which allows optimal performance in production environments was not found on the java.library.path: C:\Program Files (x86)\Apache Software Foundation\Tomcat 7.0_ArduinoServer\bin;C:\Windows\Sun\Java\bin;C:\Windows\system32;C:\Windows;C:\Windows\system32;C:\Windows;C:\Windows\System32\Wbem;C:\Windows\System32\WindowsPowerShell\v1.0\;;.
??? 10, 2014 10:55:46 ?? org.apache.coyote.AbstractProtocol init
INFO: Initializing ProtocolHandler ["http-bio-8080"]
??? 10, 2014 10:55:46 ?? org.apache.coyote.AbstractProtocol init
INFO: Initializing ProtocolHandler ["ajp-bio-8009"]
??? 10, 2014 10:55:46 ?? org.apache.catalina.startup.Catalina load
INFO: Initialization processed in 19526 ms
??? 10, 2014 10:55:46 ?? org.apache.catalina.core.StandardService startInternal
INFO: Starting service Catalina
??? 10, 2014 10:55:46 ?? org.apache.catalina.core.StandardEngine startInternal
INFO: Starting Servlet Engine: Apache Tomcat/7.0.55
??? 10, 2014 10:55:47 ?? org.apache.catalina.startup.HostConfig deployDirectory
INFO: Deploying web application directory C:\Program Files (x86)\Apache Software Foundation\Tomcat 7.0_ArduinoServer\webapps\docs
??? 10, 2014 10:55:51 ?? org.apache.catalina.util.SessionIdGenerator createSecureRandom
INFO: Creation of SecureRandom instance for session ID generation using [SHA1PRNG] took [531] milliseconds.
??? 10, 2014 10:55:51 ?? org.apache.catalina.startup.HostConfig deployDirectory
INFO: Deployment of web application directory C:\Program Files (x86)\Apache Software Foundation\Tomcat 7.0_ArduinoServer\webapps\docs has finished in 4,196 ms
??? 10, 2014 10:55:51 ?? org.apache.catalina.startup.HostConfig deployDirectory
INFO: Deploying web application directory C:\Program Files (x86)\Apache Software Foundation\Tomcat 7.0_ArduinoServer\webapps\examples
??? 10, 2014 10:55:55 ?? org.apache.catalina.startup.HostConfig deployDirectory
INFO: Deployment of web application directory C:\Program Files (x86)\Apache Software Foundation\Tomcat 7.0_ArduinoServer\webapps\examples has finished in 4,087 ms
??? 10, 2014 10:55:55 ?? org.apache.catalina.startup.HostConfig deployDirectory
INFO: Deploying web application directory C:\Program Files (x86)\Apache Software Foundation\Tomcat 7.0_ArduinoServer\webapps\host-manager
??? 10, 2014 10:55:55 ?? org.apache.catalina.startup.HostConfig deployDirectory
INFO: Deployment of web application directory C:\Program Files (x86)\Apache Software Foundation\Tomcat 7.0_ArduinoServer\webapps\host-manager has finished in 468 ms
??? 10, 2014 10:55:55 ?? org.apache.catalina.startup.HostConfig deployDirectory
INFO: Deploying web application directory C:\Program Files (x86)\Apache Software Foundation\Tomcat 7.0_ArduinoServer\webapps\manager
??? 10, 2014 10:55:56 ?? org.apache.catalina.startup.HostConfig deployDirectory
INFO: Deployment of web application directory C:\Program Files (x86)\Apache Software Foundation\Tomcat 7.0_ArduinoServer\webapps\manager has finished in 390 ms
??? 10, 2014 10:55:56 ?? org.apache.catalina.startup.HostConfig deployDirectory
INFO: Deploying web application directory C:\Program Files (x86)\Apache Software Foundation\Tomcat 7.0_ArduinoServer\webapps\ROOT
??? 10, 2014 10:55:56 ?? org.apache.catalina.startup.HostConfig deployDirectory
INFO: Deployment of web application directory C:\Program Files (x86)\Apache Software Foundation\Tomcat 7.0_ArduinoServer\webapps\ROOT has finished in 218 ms
??? 10, 2014 10:55:56 ?? org.apache.coyote.AbstractProtocol start
INFO: Starting ProtocolHandler ["http-bio-8080"]
??? 10, 2014 10:55:56 ?? org.apache.coyote.AbstractProtocol start
INFO: Starting ProtocolHandler ["ajp-bio-8009"]
??? 10, 2014 10:55:56 ?? org.apache.catalina.startup.Catalina start
INFO: Server startup in 10275 ms
??? 13, 2014 3:47:59 ?? org.apache.coyote.AbstractProtocol pause
INFO: Pausing ProtocolHandler ["http-bio-8080"]
??? 13, 2014 3:47:59 ?? org.apache.coyote.AbstractProtocol pause
INFO: Pausing ProtocolHandler ["ajp-bio-8009"]
??? 13, 2014 3:48:00 ?? org.apache.catalina.core.StandardService stopInternal
INFO: Stopping service Catalina
??? 13, 2014 3:48:01 ?? org.apache.coyote.AbstractProtocol stop
INFO: Stopping ProtocolHandler ["http-bio-8080"]
??? 13, 2014 3:48:01 ?? org.apache.coyote.AbstractProtocol stop
INFO: Stopping ProtocolHandler ["ajp-bio-8009"]
