??? 30, 2014 10:50:13 ?? org.apache.catalina.core.AprLifecycleListener init
INFO: The APR based Apache Tomcat Native library which allows optimal performance in production environments was not found on the java.library.path: C:\Program Files (x86)\Apache Software Foundation\Tomcat 7.0_ArduinoServer\bin;C:\Windows\Sun\Java\bin;C:\Windows\system32;C:\Windows;C:\Windows\system32;C:\Windows;C:\Windows\System32\Wbem;C:\Windows\System32\WindowsPowerShell\v1.0\;;.
??? 30, 2014 10:50:19 ?? org.apache.coyote.AbstractProtocol init
INFO: Initializing ProtocolHandler ["http-bio-8080"]
??? 30, 2014 10:50:19 ?? org.apache.coyote.AbstractProtocol init
INFO: Initializing ProtocolHandler ["ajp-bio-8009"]
??? 30, 2014 10:50:19 ?? org.apache.catalina.startup.Catalina load
INFO: Initialization processed in 9391 ms
??? 30, 2014 10:50:20 ?? org.apache.catalina.core.StandardService startInternal
INFO: Starting service Catalina
??? 30, 2014 10:50:20 ?? org.apache.catalina.core.StandardEngine startInternal
INFO: Starting Servlet Engine: Apache Tomcat/7.0.55
??? 30, 2014 10:50:20 ?? org.apache.catalina.startup.HostConfig deployDirectory
INFO: Deploying web application directory C:\Program Files (x86)\Apache Software Foundation\Tomcat 7.0_ArduinoServer\webapps\docs
??? 30, 2014 10:50:24 ?? org.apache.catalina.util.SessionIdGenerator createSecureRandom
INFO: Creation of SecureRandom instance for session ID generation using [SHA1PRNG] took [749] milliseconds.
??? 30, 2014 10:50:24 ?? org.apache.catalina.startup.HostConfig deployDirectory
INFO: Deployment of web application directory C:\Program Files (x86)\Apache Software Foundation\Tomcat 7.0_ArduinoServer\webapps\docs has finished in 4,103 ms
??? 30, 2014 10:50:24 ?? org.apache.catalina.startup.HostConfig deployDirectory
INFO: Deploying web application directory C:\Program Files (x86)\Apache Software Foundation\Tomcat 7.0_ArduinoServer\webapps\examples
??? 30, 2014 10:50:27 ?? org.apache.catalina.startup.HostConfig deployDirectory
INFO: Deployment of web application directory C:\Program Files (x86)\Apache Software Foundation\Tomcat 7.0_ArduinoServer\webapps\examples has finished in 3,120 ms
??? 30, 2014 10:50:27 ?? org.apache.catalina.startup.HostConfig deployDirectory
INFO: Deploying web application directory C:\Program Files (x86)\Apache Software Foundation\Tomcat 7.0_ArduinoServer\webapps\host-manager
??? 30, 2014 10:50:27 ?? org.apache.catalina.startup.HostConfig deployDirectory
INFO: Deployment of web application directory C:\Program Files (x86)\Apache Software Foundation\Tomcat 7.0_ArduinoServer\webapps\host-manager has finished in 452 ms
??? 30, 2014 10:50:27 ?? org.apache.catalina.startup.HostConfig deployDirectory
INFO: Deploying web application directory C:\Program Files (x86)\Apache Software Foundation\Tomcat 7.0_ArduinoServer\webapps\manager
??? 30, 2014 10:50:28 ?? org.apache.catalina.startup.HostConfig deployDirectory
INFO: Deployment of web application directory C:\Program Files (x86)\Apache Software Foundation\Tomcat 7.0_ArduinoServer\webapps\manager has finished in 343 ms
??? 30, 2014 10:50:28 ?? org.apache.catalina.startup.HostConfig deployDirectory
INFO: Deploying web application directory C:\Program Files (x86)\Apache Software Foundation\Tomcat 7.0_ArduinoServer\webapps\ROOT
??? 30, 2014 10:50:28 ?? org.apache.catalina.startup.HostConfig deployDirectory
INFO: Deployment of web application directory C:\Program Files (x86)\Apache Software Foundation\Tomcat 7.0_ArduinoServer\webapps\ROOT has finished in 266 ms
??? 30, 2014 10:50:28 ?? org.apache.coyote.AbstractProtocol start
INFO: Starting ProtocolHandler ["http-bio-8080"]
??? 30, 2014 10:50:28 ?? org.apache.coyote.AbstractProtocol start
INFO: Starting ProtocolHandler ["ajp-bio-8009"]
??? 30, 2014 10:50:28 ?? org.apache.catalina.startup.Catalina start
INFO: Server startup in 9061 ms
