??? 29, 2014 11:48:15 ?? org.apache.catalina.core.AprLifecycleListener init
INFO: The APR based Apache Tomcat Native library which allows optimal performance in production environments was not found on the java.library.path: C:\Program Files (x86)\Apache Software Foundation\Tomcat 7.0_ArduinoServer\bin;C:\Windows\Sun\Java\bin;C:\Windows\system32;C:\Windows;C:\Windows\system32;C:\Windows;C:\Windows\System32\Wbem;C:\Windows\System32\WindowsPowerShell\v1.0\;;.
??? 29, 2014 11:48:29 ?? org.apache.coyote.AbstractProtocol init
INFO: Initializing ProtocolHandler ["http-bio-127.0.0.1-8080"]
??? 29, 2014 11:48:29 ?? org.apache.coyote.AbstractProtocol init
INFO: Initializing ProtocolHandler ["ajp-bio-8009"]
??? 29, 2014 11:48:29 ?? org.apache.catalina.startup.Catalina load
INFO: Initialization processed in 22852 ms
??? 29, 2014 11:48:30 ?? org.apache.catalina.core.StandardService startInternal
INFO: Starting service Catalina
??? 29, 2014 11:48:30 ?? org.apache.catalina.core.StandardEngine startInternal
INFO: Starting Servlet Engine: Apache Tomcat/7.0.55
??? 29, 2014 11:48:30 ?? org.apache.catalina.startup.HostConfig deployDirectory
INFO: Deploying web application directory C:\Program Files (x86)\Apache Software Foundation\Tomcat 7.0_ArduinoServer\webapps\docs
??? 29, 2014 11:48:36 ?? org.apache.catalina.util.SessionIdGenerator createSecureRandom
INFO: Creation of SecureRandom instance for session ID generation using [SHA1PRNG] took [1,435] milliseconds.
??? 29, 2014 11:48:36 ?? org.apache.catalina.startup.HostConfig deployDirectory
INFO: Deployment of web application directory C:\Program Files (x86)\Apache Software Foundation\Tomcat 7.0_ArduinoServer\webapps\docs has finished in 6,193 ms
??? 29, 2014 11:48:37 ?? org.apache.catalina.startup.HostConfig deployDirectory
INFO: Deploying web application directory C:\Program Files (x86)\Apache Software Foundation\Tomcat 7.0_ArduinoServer\webapps\examples
??? 29, 2014 11:48:44 ?? org.apache.catalina.startup.HostConfig deployDirectory
INFO: Deployment of web application directory C:\Program Files (x86)\Apache Software Foundation\Tomcat 7.0_ArduinoServer\webapps\examples has finished in 7,239 ms
??? 29, 2014 11:48:44 ?? org.apache.catalina.startup.HostConfig deployDirectory
INFO: Deploying web application directory C:\Program Files (x86)\Apache Software Foundation\Tomcat 7.0_ArduinoServer\webapps\host-manager
??? 29, 2014 11:48:44 ?? org.apache.catalina.startup.HostConfig deployDirectory
INFO: Deployment of web application directory C:\Program Files (x86)\Apache Software Foundation\Tomcat 7.0_ArduinoServer\webapps\host-manager has finished in 484 ms
??? 29, 2014 11:48:44 ?? org.apache.catalina.startup.HostConfig deployDirectory
INFO: Deploying web application directory C:\Program Files (x86)\Apache Software Foundation\Tomcat 7.0_ArduinoServer\webapps\manager
??? 29, 2014 11:48:45 ?? org.apache.catalina.startup.HostConfig deployDirectory
INFO: Deployment of web application directory C:\Program Files (x86)\Apache Software Foundation\Tomcat 7.0_ArduinoServer\webapps\manager has finished in 406 ms
??? 29, 2014 11:48:45 ?? org.apache.catalina.startup.HostConfig deployDirectory
INFO: Deploying web application directory C:\Program Files (x86)\Apache Software Foundation\Tomcat 7.0_ArduinoServer\webapps\ROOT
??? 29, 2014 11:48:45 ?? org.apache.catalina.startup.HostConfig deployDirectory
INFO: Deployment of web application directory C:\Program Files (x86)\Apache Software Foundation\Tomcat 7.0_ArduinoServer\webapps\ROOT has finished in 280 ms
??? 29, 2014 11:48:45 ?? org.apache.coyote.AbstractProtocol start
INFO: Starting ProtocolHandler ["http-bio-127.0.0.1-8080"]
??? 29, 2014 11:48:45 ?? org.apache.coyote.AbstractProtocol start
INFO: Starting ProtocolHandler ["ajp-bio-8009"]
??? 29, 2014 11:48:45 ?? org.apache.catalina.startup.Catalina start
INFO: Server startup in 15689 ms
